app/build/intermediates/manifest_merge_blame_file/release/manifest-merger-blame-release-report.txt
1<?xml version="1.0" encoding="utf-8"?>
2<manifest xmlns:android="http://schemas.android.com/apk/res/android"
3    package="com.abc.theqrscannerprofree"
4    android:versionCode="5"
5    android:versionName="2.4" >
6
7    <uses-sdk
8        android:minSdkVersion="16"
8-->src\main\AndroidManifest.xml
9        android:targetSdkVersion="30" />
9-->src\main\AndroidManifest.xml
10
11    <uses-permission android:name="android.permission.CAMERA" />
11-->src\main\AndroidManifest.xml:6:5-65
11-->src\main\AndroidManifest.xml:6:22-62
12    <uses-permission android:name="android.permission.INTERNET" />
12-->src\main\AndroidManifest.xml:7:5-67
12-->src\main\AndroidManifest.xml:7:22-64
13    <uses-permission android:name="android.permission.ACCESS_NETWORK_STATE" />
13-->src\main\AndroidManifest.xml:8:5-79
13-->src\main\AndroidManifest.xml:8:22-76
14    <uses-permission android:name="android.permission.ACCESS_WIFI_STATE" />
14-->src\main\AndroidManifest.xml:9:5-76
14-->src\main\AndroidManifest.xml:9:22-73
15    <uses-permission android:name="android.permission.WRITE_EXTERNAL_STORAGE" />
15-->src\main\AndroidManifest.xml:10:5-11:47
15-->src\main\AndroidManifest.xml:10:22-78
16    <uses-permission android:name="android.permission.SYSTEM_ALERT_WINDOW" />
16-->src\main\AndroidManifest.xml:12:5-78
16-->src\main\AndroidManifest.xml:12:22-75
17    <uses-permission
17-->src\main\AndroidManifest.xml:13:5-14:38
18        android:name="android.permission.VIBRATE"
18-->src\main\AndroidManifest.xml:13:22-63
19        android:maxSdkVersion="18" />
19-->src\main\AndroidManifest.xml:14:9-35
20
21    <!-- Create a unique permission for your app and use it so only your app can receive your OneSignal messages. -->
22    <permission
22-->[com.onesignal:OneSignal:3.11.4] AndroidManifest.xml:7:5-9:47
23        android:name="com.abc.theqrscannerprofree.permission.C2D_MESSAGE"
23-->[com.onesignal:OneSignal:3.11.4] AndroidManifest.xml:8:9-63
24        android:protectionLevel="signature" />
24-->[com.onesignal:OneSignal:3.11.4] AndroidManifest.xml:9:9-44
25
26    <uses-permission android:name="com.abc.theqrscannerprofree.permission.C2D_MESSAGE" />
26-->[com.onesignal:OneSignal:3.11.4] AndroidManifest.xml:11:5-79
26-->[com.onesignal:OneSignal:3.11.4] AndroidManifest.xml:11:22-76
27    <uses-permission android:name="com.google.android.c2dm.permission.RECEIVE" /> <!-- Required, makes sure notifications are delivered on time. -->
27-->[com.onesignal:OneSignal:3.11.4] AndroidManifest.xml:17:5-82
27-->[com.onesignal:OneSignal:3.11.4] AndroidManifest.xml:17:22-79
28    <uses-permission android:name="android.permission.WAKE_LOCK" />
28-->[com.onesignal:OneSignal:3.11.4] AndroidManifest.xml:18:5-68
28-->[com.onesignal:OneSignal:3.11.4] AndroidManifest.xml:18:22-65
29    <!--
30 Use to restore notifications the user hasn't interacted with.
31         They could be missed notifications if the user reboots their device if this isn't in place.
32    -->
33    <uses-permission android:name="android.permission.RECEIVE_BOOT_COMPLETED" /> <!-- START: ShortcutBadger -->
33-->[com.onesignal:OneSignal:3.11.4] AndroidManifest.xml:29:5-81
33-->[com.onesignal:OneSignal:3.11.4] AndroidManifest.xml:29:22-78
34    <!-- Samsung -->
35    <uses-permission android:name="com.sec.android.provider.badge.permission.READ" />
35-->[com.onesignal:OneSignal:3.11.4] AndroidManifest.xml:31:5-86
35-->[com.onesignal:OneSignal:3.11.4] AndroidManifest.xml:31:22-83
36    <uses-permission android:name="com.sec.android.provider.badge.permission.WRITE" /> <!-- HTC -->
36-->[com.onesignal:OneSignal:3.11.4] AndroidManifest.xml:32:5-87
36-->[com.onesignal:OneSignal:3.11.4] AndroidManifest.xml:32:22-84
37    <uses-permission android:name="com.htc.launcher.permission.READ_SETTINGS" />
37-->[com.onesignal:OneSignal:3.11.4] AndroidManifest.xml:33:5-81
37-->[com.onesignal:OneSignal:3.11.4] AndroidManifest.xml:33:22-78
38    <uses-permission android:name="com.htc.launcher.permission.UPDATE_SHORTCUT" /> <!-- Sony -->
38-->[com.onesignal:OneSignal:3.11.4] AndroidManifest.xml:34:5-83
38-->[com.onesignal:OneSignal:3.11.4] AndroidManifest.xml:34:22-80
39    <uses-permission android:name="com.sonyericsson.home.permission.BROADCAST_BADGE" />
39-->[com.onesignal:OneSignal:3.11.4] AndroidManifest.xml:35:5-88
39-->[com.onesignal:OneSignal:3.11.4] AndroidManifest.xml:35:22-85
40    <uses-permission android:name="com.sonymobile.home.permission.PROVIDER_INSERT_BADGE" /> <!-- Apex -->
40-->[com.onesignal:OneSignal:3.11.4] AndroidManifest.xml:36:5-92
40-->[com.onesignal:OneSignal:3.11.4] AndroidManifest.xml:36:22-89
41    <uses-permission android:name="com.anddoes.launcher.permission.UPDATE_COUNT" /> <!-- Solid -->
41-->[com.onesignal:OneSignal:3.11.4] AndroidManifest.xml:37:5-84
41-->[com.onesignal:OneSignal:3.11.4] AndroidManifest.xml:37:22-81
42    <uses-permission android:name="com.majeur.launcher.permission.UPDATE_BADGE" /> <!-- Huawei -->
42-->[com.onesignal:OneSignal:3.11.4] AndroidManifest.xml:38:5-83
42-->[com.onesignal:OneSignal:3.11.4] AndroidManifest.xml:38:22-80
43    <uses-permission android:name="com.huawei.android.launcher.permission.CHANGE_BADGE" />
43-->[com.onesignal:OneSignal:3.11.4] AndroidManifest.xml:39:5-91
43-->[com.onesignal:OneSignal:3.11.4] AndroidManifest.xml:39:22-88
44    <uses-permission android:name="com.huawei.android.launcher.permission.READ_SETTINGS" />
44-->[com.onesignal:OneSignal:3.11.4] AndroidManifest.xml:40:5-92
44-->[com.onesignal:OneSignal:3.11.4] AndroidManifest.xml:40:22-89
45    <uses-permission android:name="com.huawei.android.launcher.permission.WRITE_SETTINGS" /> <!-- ZUK -->
45-->[com.onesignal:OneSignal:3.11.4] AndroidManifest.xml:41:5-93
45-->[com.onesignal:OneSignal:3.11.4] AndroidManifest.xml:41:22-90
46    <uses-permission android:name="android.permission.READ_APP_BADGE" /> <!-- OPPO -->
46-->[com.onesignal:OneSignal:3.11.4] AndroidManifest.xml:42:5-73
46-->[com.onesignal:OneSignal:3.11.4] AndroidManifest.xml:42:22-70
47    <uses-permission android:name="com.oppo.launcher.permission.READ_SETTINGS" />
47-->[com.onesignal:OneSignal:3.11.4] AndroidManifest.xml:43:5-82
47-->[com.onesignal:OneSignal:3.11.4] AndroidManifest.xml:43:22-79
48    <uses-permission android:name="com.oppo.launcher.permission.WRITE_SETTINGS" /> <!-- EvMe -->
48-->[com.onesignal:OneSignal:3.11.4] AndroidManifest.xml:44:5-83
48-->[com.onesignal:OneSignal:3.11.4] AndroidManifest.xml:44:22-80
49    <uses-permission android:name="me.everything.badger.permission.BADGE_COUNT_READ" />
49-->[com.onesignal:OneSignal:3.11.4] AndroidManifest.xml:45:5-88
49-->[com.onesignal:OneSignal:3.11.4] AndroidManifest.xml:45:22-85
50    <uses-permission android:name="me.everything.badger.permission.BADGE_COUNT_WRITE" />
50-->[com.onesignal:OneSignal:3.11.4] AndroidManifest.xml:46:5-89
50-->[com.onesignal:OneSignal:3.11.4] AndroidManifest.xml:46:22-86
51
52    <application
52-->src\main\AndroidManifest.xml:16:5-68:19
53        android:name="com.abc.theqrscannerprofree.TheBaseAct"
53-->src\main\AndroidManifest.xml:17:9-62
54        android:allowBackup="true"
54-->src\main\AndroidManifest.xml:18:9-35
55        android:appComponentFactory="androidx.core.app.CoreComponentFactory"
55-->[androidx.core:core:1.1.0] AndroidManifest.xml:24:18-86
56        android:icon="@mipmap/ic_launcher"
56-->src\main\AndroidManifest.xml:19:9-43
57        android:label="@string/app_name"
57-->src\main\AndroidManifest.xml:20:9-41
58        android:largeHeap="true"
58-->src\main\AndroidManifest.xml:22:9-33
59        android:supportsRtl="true"
59-->src\main\AndroidManifest.xml:21:9-35
60        android:theme="@style/AppTheme" >
60-->src\main\AndroidManifest.xml:23:9-40
61        <activity
61-->src\main\AndroidManifest.xml:26:9-32:20
62            android:name="com.abc.theqrscannerprofree.SplashActivity"
62-->src\main\AndroidManifest.xml:26:19-76
63            android:theme="@android:style/Theme.NoTitleBar.Fullscreen" >
63-->src\main\AndroidManifest.xml:27:13-71
64            <intent-filter>
64-->src\main\AndroidManifest.xml:28:13-31:29
65                <action android:name="android.intent.action.MAIN" />
65-->src\main\AndroidManifest.xml:29:17-69
65-->src\main\AndroidManifest.xml:29:25-66
66
67                <category android:name="android.intent.category.LAUNCHER" />
67-->src\main\AndroidManifest.xml:30:17-77
67-->src\main\AndroidManifest.xml:30:27-74
68            </intent-filter>
69        </activity>
70        <activity android:name="com.abc.theqrscannerprofree.MainActivity" />
70-->src\main\AndroidManifest.xml:33:9-76
70-->src\main\AndroidManifest.xml:33:19-74
71        <activity android:name="com.abc.theqrscannerprofree.NextQrActActivity" />
71-->src\main\AndroidManifest.xml:34:9-81
71-->src\main\AndroidManifest.xml:34:19-79
72        <activity android:name="com.abc.theqrscannerprofree.TheFirstBarActivity" />
72-->src\main\AndroidManifest.xml:35:9-83
72-->src\main\AndroidManifest.xml:35:19-81
73        <activity android:name="com.abc.theqrscannerprofree.CameraTestActivity" />
73-->src\main\AndroidManifest.xml:36:9-83
73-->src\main\AndroidManifest.xml:36:19-80
74        <activity android:name="com.abc.theqrscannerprofree.TheQrHiyaReadeActivity" />
74-->src\main\AndroidManifest.xml:37:9-87
74-->src\main\AndroidManifest.xml:37:19-84
75        <activity android:name="com.abc.theqrscannerprofree.ForQrSimpleGenerateActivity" />
75-->src\main\AndroidManifest.xml:38:9-91
75-->src\main\AndroidManifest.xml:38:19-89
76
77        <provider
78            android:name="androidx.core.content.FileProvider"
78-->src\main\AndroidManifest.xml:41:13-62
79            android:authorities="com.abc.theqrscannerprofree.provider"
79-->src\main\AndroidManifest.xml:42:13-60
80            android:exported="false"
80-->src\main\AndroidManifest.xml:43:13-37
81            android:grantUriPermissions="true" >
81-->src\main\AndroidManifest.xml:44:13-47
82            <meta-data
82-->src\main\AndroidManifest.xml:45:13-47:62
83                android:name="android.support.FILE_PROVIDER_PATHS"
83-->src\main\AndroidManifest.xml:46:17-67
84                android:resource="@xml/nnf_provider_paths" />
84-->src\main\AndroidManifest.xml:47:17-59
85        </provider>
86
87        <activity
87-->src\main\AndroidManifest.xml:50:9-58:20
88            android:name="com.nononsenseapps.filepicker.FilePickerActivity"
88-->src\main\AndroidManifest.xml:51:13-76
89            android:label="@string/app_name"
89-->src\main\AndroidManifest.xml:52:13-45
90            android:theme="@style/FilePickerTheme" >
90-->src\main\AndroidManifest.xml:53:13-51
91            <intent-filter>
91-->src\main\AndroidManifest.xml:54:13-57:29
92                <action android:name="android.intent.action.GET_CONTENT" />
92-->src\main\AndroidManifest.xml:55:17-76
92-->src\main\AndroidManifest.xml:55:25-73
93
94                <category android:name="android.intent.category.DEFAULT" />
94-->src\main\AndroidManifest.xml:56:17-76
94-->src\main\AndroidManifest.xml:56:27-73
95            </intent-filter>
96        </activity>
97
98        <meta-data
98-->src\main\AndroidManifest.xml:61:9-63:69
99            android:name="com.google.android.gms.version"
99-->src\main\AndroidManifest.xml:62:13-58
100            android:value="@integer/google_play_services_version" />
100-->src\main\AndroidManifest.xml:63:13-66
101        <meta-data
101-->src\main\AndroidManifest.xml:65:9-67:51
102            android:name="com.google.android.gms.ads.APPLICATION_ID"
102-->src\main\AndroidManifest.xml:66:13-69
103            android:value="@string/admob_app_id" />
103-->src\main\AndroidManifest.xml:67:13-49
104
105        <provider
105-->[com.squareup.picasso:picasso:2.71828] AndroidManifest.xml:8:9-11:40
106            android:name="com.squareup.picasso.PicassoProvider"
106-->[com.squareup.picasso:picasso:2.71828] AndroidManifest.xml:9:13-64
107            android:authorities="com.abc.theqrscannerprofree.com.squareup.picasso"
107-->[com.squareup.picasso:picasso:2.71828] AndroidManifest.xml:10:13-72
108            android:exported="false" />
108-->[com.squareup.picasso:picasso:2.71828] AndroidManifest.xml:11:13-37
109
110        <meta-data
110-->[com.onesignal:OneSignal:3.11.4] AndroidManifest.xml:49:9-51:51
111            android:name="onesignal_app_id"
111-->[com.onesignal:OneSignal:3.11.4] AndroidManifest.xml:50:13-44
112            android:value="Your One Signal ID" /> <!-- Deprecated - Pulled from OneSignal dashboard. -->
112-->[com.onesignal:OneSignal:3.11.4] AndroidManifest.xml:51:13-48
113        <meta-data
113-->[com.onesignal:OneSignal:3.11.4] AndroidManifest.xml:53:9-55:70
114            android:name="onesignal_google_project_number"
114-->[com.onesignal:OneSignal:3.11.4] AndroidManifest.xml:54:13-59
115            android:value="str:REMOTE" />
115-->[com.onesignal:OneSignal:3.11.4] AndroidManifest.xml:55:13-67
116
117        <receiver
117-->[com.onesignal:OneSignal:3.11.4] AndroidManifest.xml:57:9-67:20
118            android:name="com.onesignal.GcmBroadcastReceiver"
118-->[com.onesignal:OneSignal:3.11.4] AndroidManifest.xml:58:13-62
119            android:permission="com.google.android.c2dm.permission.SEND" >
119-->[com.onesignal:OneSignal:3.11.4] AndroidManifest.xml:59:13-73
120
121            <!-- High priority so OneSignal payloads can be filtered from other GCM receivers if filterOtherGCMReceivers is enabled. -->
122            <intent-filter android:priority="999" >
122-->[com.onesignal:OneSignal:3.11.4] AndroidManifest.xml:62:13-66:29
122-->[com.onesignal:OneSignal:3.11.4] AndroidManifest.xml:62:28-50
123                <action android:name="com.google.android.c2dm.intent.RECEIVE" />
123-->[com.onesignal:OneSignal:3.11.4] AndroidManifest.xml:63:17-81
123-->[com.onesignal:OneSignal:3.11.4] AndroidManifest.xml:63:25-78
124
125                <category android:name="com.abc.theqrscannerprofree" />
125-->[com.onesignal:OneSignal:3.11.4] AndroidManifest.xml:65:17-61
125-->[com.onesignal:OneSignal:3.11.4] AndroidManifest.xml:65:27-58
126            </intent-filter>
127        </receiver>
128        <receiver android:name="com.onesignal.NotificationOpenedReceiver" />
128-->[com.onesignal:OneSignal:3.11.4] AndroidManifest.xml:68:9-77
128-->[com.onesignal:OneSignal:3.11.4] AndroidManifest.xml:68:19-74
129
130        <service android:name="com.onesignal.GcmIntentService" />
130-->[com.onesignal:OneSignal:3.11.4] AndroidManifest.xml:70:9-66
130-->[com.onesignal:OneSignal:3.11.4] AndroidManifest.xml:70:18-63
131        <service
131-->[com.onesignal:OneSignal:3.11.4] AndroidManifest.xml:71:9-73:72
132            android:name="com.onesignal.GcmIntentJobService"
132-->[com.onesignal:OneSignal:3.11.4] AndroidManifest.xml:72:13-61
133            android:permission="android.permission.BIND_JOB_SERVICE" />
133-->[com.onesignal:OneSignal:3.11.4] AndroidManifest.xml:73:13-69
134        <service
134-->[com.onesignal:OneSignal:3.11.4] AndroidManifest.xml:74:9-76:72
135            android:name="com.onesignal.RestoreJobService"
135-->[com.onesignal:OneSignal:3.11.4] AndroidManifest.xml:75:13-59
136            android:permission="android.permission.BIND_JOB_SERVICE" />
136-->[com.onesignal:OneSignal:3.11.4] AndroidManifest.xml:76:13-69
137        <service
137-->[com.onesignal:OneSignal:3.11.4] AndroidManifest.xml:77:9-79:72
138            android:name="com.onesignal.RestoreKickoffJobService"
138-->[com.onesignal:OneSignal:3.11.4] AndroidManifest.xml:78:13-66
139            android:permission="android.permission.BIND_JOB_SERVICE" />
139-->[com.onesignal:OneSignal:3.11.4] AndroidManifest.xml:79:13-69
140        <service
140-->[com.onesignal:OneSignal:3.11.4] AndroidManifest.xml:80:9-82:43
141            android:name="com.onesignal.SyncService"
141-->[com.onesignal:OneSignal:3.11.4] AndroidManifest.xml:81:13-53
142            android:stopWithTask="true" />
142-->[com.onesignal:OneSignal:3.11.4] AndroidManifest.xml:82:13-40
143        <service
143-->[com.onesignal:OneSignal:3.11.4] AndroidManifest.xml:83:9-85:72
144            android:name="com.onesignal.SyncJobService"
144-->[com.onesignal:OneSignal:3.11.4] AndroidManifest.xml:84:13-56
145            android:permission="android.permission.BIND_JOB_SERVICE" />
145-->[com.onesignal:OneSignal:3.11.4] AndroidManifest.xml:85:13-69
146
147        <activity
147-->[com.onesignal:OneSignal:3.11.4] AndroidManifest.xml:87:9-89:75
148            android:name="com.onesignal.PermissionsActivity"
148-->[com.onesignal:OneSignal:3.11.4] AndroidManifest.xml:88:13-61
149            android:theme="@android:style/Theme.Translucent.NoTitleBar" />
149-->[com.onesignal:OneSignal:3.11.4] AndroidManifest.xml:89:13-72
150
151        <service android:name="com.onesignal.NotificationRestoreService" />
151-->[com.onesignal:OneSignal:3.11.4] AndroidManifest.xml:91:9-76
151-->[com.onesignal:OneSignal:3.11.4] AndroidManifest.xml:91:18-73
152
153        <receiver android:name="com.onesignal.BootUpReceiver" >
153-->[com.onesignal:OneSignal:3.11.4] AndroidManifest.xml:93:9-98:20
153-->[com.onesignal:OneSignal:3.11.4] AndroidManifest.xml:93:19-62
154            <intent-filter>
154-->[com.onesignal:OneSignal:3.11.4] AndroidManifest.xml:94:13-97:29
155                <action android:name="android.intent.action.BOOT_COMPLETED" />
155-->[com.onesignal:OneSignal:3.11.4] AndroidManifest.xml:95:17-79
155-->[com.onesignal:OneSignal:3.11.4] AndroidManifest.xml:95:25-76
156                <action android:name="android.intent.action.QUICKBOOT_POWERON" />
156-->[com.onesignal:OneSignal:3.11.4] AndroidManifest.xml:96:17-82
156-->[com.onesignal:OneSignal:3.11.4] AndroidManifest.xml:96:25-79
157            </intent-filter>
158        </receiver>
159        <receiver android:name="com.onesignal.UpgradeReceiver" >
159-->[com.onesignal:OneSignal:3.11.4] AndroidManifest.xml:99:9-103:20
159-->[com.onesignal:OneSignal:3.11.4] AndroidManifest.xml:99:19-63
160            <intent-filter>
160-->[com.onesignal:OneSignal:3.11.4] AndroidManifest.xml:100:13-102:29
161                <action android:name="android.intent.action.MY_PACKAGE_REPLACED" />
161-->[com.onesignal:OneSignal:3.11.4] AndroidManifest.xml:101:17-84
161-->[com.onesignal:OneSignal:3.11.4] AndroidManifest.xml:101:25-81
162            </intent-filter>
163        </receiver>
164        <!--
165             FirebaseMessagingService performs security checks at runtime,
166             but set to not exported to explicitly avoid allowing another app to call it.
167        -->
168        <service
168-->[com.google.firebase:firebase-messaging:20.1.0] AndroidManifest.xml:28:9-34:19
169            android:name="com.google.firebase.messaging.FirebaseMessagingService"
169-->[com.google.firebase:firebase-messaging:20.1.0] AndroidManifest.xml:29:13-82
170            android:exported="false" >
170-->[com.google.firebase:firebase-messaging:20.1.0] AndroidManifest.xml:30:13-37
171            <intent-filter android:priority="-500" >
171-->[com.google.firebase:firebase-messaging:20.1.0] AndroidManifest.xml:31:13-33:29
171-->[com.google.firebase:firebase-messaging:20.1.0] AndroidManifest.xml:31:28-51
172                <action android:name="com.google.firebase.MESSAGING_EVENT" />
172-->[com.google.firebase:firebase-messaging:20.1.0] AndroidManifest.xml:32:17-78
172-->[com.google.firebase:firebase-messaging:20.1.0] AndroidManifest.xml:32:25-75
173            </intent-filter>
174        </service>
175        <service
175-->[com.google.firebase:firebase-messaging:20.1.0] AndroidManifest.xml:35:9-41:19
176            android:name="com.google.firebase.components.ComponentDiscoveryService"
176-->[com.google.firebase:firebase-messaging:20.1.0] AndroidManifest.xml:36:13-84
177            android:directBootAware="true"
177-->[com.google.firebase:firebase-common:19.3.0] AndroidManifest.xml:34:13-43
178            android:exported="false" >
178-->[com.google.firebase:firebase-messaging:20.1.0] AndroidManifest.xml:37:13-37
179            <meta-data
179-->[com.google.firebase:firebase-messaging:20.1.0] AndroidManifest.xml:38:13-40:85
180                android:name="com.google.firebase.components:com.google.firebase.messaging.FirebaseMessagingRegistrar"
180-->[com.google.firebase:firebase-messaging:20.1.0] AndroidManifest.xml:39:17-119
181                android:value="com.google.firebase.components.ComponentRegistrar" />
181-->[com.google.firebase:firebase-messaging:20.1.0] AndroidManifest.xml:40:17-82
182            <meta-data
182-->[com.google.firebase:firebase-datatransport:17.0.3] AndroidManifest.xml:28:13-30:85
183                android:name="com.google.firebase.components:com.google.firebase.datatransport.TransportRegistrar"
183-->[com.google.firebase:firebase-datatransport:17.0.3] AndroidManifest.xml:29:17-115
184                android:value="com.google.firebase.components.ComponentRegistrar" />
184-->[com.google.firebase:firebase-datatransport:17.0.3] AndroidManifest.xml:30:17-82
185            <meta-data
185-->[com.google.firebase:firebase-iid:20.0.2] AndroidManifest.xml:32:13-34:85
186                android:name="com.google.firebase.components:com.google.firebase.iid.Registrar"
186-->[com.google.firebase:firebase-iid:20.0.2] AndroidManifest.xml:33:17-96
187                android:value="com.google.firebase.components.ComponentRegistrar" />
187-->[com.google.firebase:firebase-iid:20.0.2] AndroidManifest.xml:34:17-82
188        </service>
189
190        <receiver
190-->[com.google.firebase:firebase-iid:20.0.2] AndroidManifest.xml:37:9-44:20
191            android:name="com.google.firebase.iid.FirebaseInstanceIdReceiver"
191-->[com.google.firebase:firebase-iid:20.0.2] AndroidManifest.xml:38:13-78
192            android:exported="true"
192-->[com.google.firebase:firebase-iid:20.0.2] AndroidManifest.xml:39:13-36
193            android:permission="com.google.android.c2dm.permission.SEND" >
193-->[com.google.firebase:firebase-iid:20.0.2] AndroidManifest.xml:40:13-73
194            <intent-filter>
194-->[com.google.firebase:firebase-iid:20.0.2] AndroidManifest.xml:41:13-43:29
195                <action android:name="com.google.android.c2dm.intent.RECEIVE" />
195-->[com.onesignal:OneSignal:3.11.4] AndroidManifest.xml:63:17-81
195-->[com.onesignal:OneSignal:3.11.4] AndroidManifest.xml:63:25-78
196            </intent-filter>
197        </receiver>
198
199        <provider
199-->[com.google.firebase:firebase-common:19.3.0] AndroidManifest.xml:26:9-30:39
200            android:name="com.google.firebase.provider.FirebaseInitProvider"
200-->[com.google.firebase:firebase-common:19.3.0] AndroidManifest.xml:27:13-77
201            android:authorities="com.abc.theqrscannerprofree.firebaseinitprovider"
201-->[com.google.firebase:firebase-common:19.3.0] AndroidManifest.xml:28:13-72
202            android:exported="false"
202-->[com.google.firebase:firebase-common:19.3.0] AndroidManifest.xml:29:13-37
203            android:initOrder="100" />
203-->[com.google.firebase:firebase-common:19.3.0] AndroidManifest.xml:30:13-36
204
205        <activity
205-->[com.google.android.gms:play-services-base:17.0.0] AndroidManifest.xml:23:9-26:75
206            android:name="com.google.android.gms.common.api.GoogleApiActivity"
206-->[com.google.android.gms:play-services-base:17.0.0] AndroidManifest.xml:24:13-79
207            android:exported="false"
207-->[com.google.android.gms:play-services-base:17.0.0] AndroidManifest.xml:25:13-37
208            android:theme="@android:style/Theme.Translucent.NoTitleBar" /> <!-- Include the AdActivity and InAppPurchaseActivity configChanges and themes. -->
208-->[com.google.android.gms:play-services-base:17.0.0] AndroidManifest.xml:26:13-72
209        <activity
209-->[com.google.android.gms:play-services-ads-lite:18.3.0] AndroidManifest.xml:29:9-33:64
210            android:name="com.google.android.gms.ads.AdActivity"
210-->[com.google.android.gms:play-services-ads-lite:18.3.0] AndroidManifest.xml:30:13-65
211            android:configChanges="keyboard|keyboardHidden|orientation|screenLayout|uiMode|screenSize|smallestScreenSize"
211-->[com.google.android.gms:play-services-ads-lite:18.3.0] AndroidManifest.xml:31:13-122
212            android:exported="false"
212-->[com.google.android.gms:play-services-ads-lite:18.3.0] AndroidManifest.xml:32:13-37
213            android:theme="@android:style/Theme.Translucent" />
213-->[com.google.android.gms:play-services-ads-lite:18.3.0] AndroidManifest.xml:33:13-61
214
215        <provider
215-->[com.google.android.gms:play-services-ads-lite:18.3.0] AndroidManifest.xml:35:9-39:39
216            android:name="com.google.android.gms.ads.MobileAdsInitProvider"
216-->[com.google.android.gms:play-services-ads-lite:18.3.0] AndroidManifest.xml:36:13-76
217            android:authorities="com.abc.theqrscannerprofree.mobileadsinitprovider"
217-->[com.google.android.gms:play-services-ads-lite:18.3.0] AndroidManifest.xml:37:13-73
218            android:exported="false"
218-->[com.google.android.gms:play-services-ads-lite:18.3.0] AndroidManifest.xml:38:13-37
219            android:initOrder="100" />
219-->[com.google.android.gms:play-services-ads-lite:18.3.0] AndroidManifest.xml:39:13-36
220
221        <service
221-->[com.google.android.datatransport:transport-backend-cct:2.2.0] AndroidManifest.xml:29:9-35:19
222            android:name="com.google.android.datatransport.runtime.backends.TransportBackendDiscovery"
222-->[com.google.android.datatransport:transport-backend-cct:2.2.0] AndroidManifest.xml:30:13-103
223            android:exported="false" >
223-->[com.google.android.datatransport:transport-backend-cct:2.2.0] AndroidManifest.xml:31:13-37
224            <meta-data
224-->[com.google.android.datatransport:transport-backend-cct:2.2.0] AndroidManifest.xml:32:13-34:39
225                android:name="backend:com.google.android.datatransport.cct.CctBackendFactory"
225-->[com.google.android.datatransport:transport-backend-cct:2.2.0] AndroidManifest.xml:33:17-94
226                android:value="cct" />
226-->[com.google.android.datatransport:transport-backend-cct:2.2.0] AndroidManifest.xml:34:17-36
227        </service>
228        <service
228-->[com.google.android.datatransport:transport-runtime:2.2.0] AndroidManifest.xml:26:9-30:19
229            android:name="com.google.android.datatransport.runtime.scheduling.jobscheduling.JobInfoSchedulerService"
229-->[com.google.android.datatransport:transport-runtime:2.2.0] AndroidManifest.xml:27:13-117
230            android:exported="false"
230-->[com.google.android.datatransport:transport-runtime:2.2.0] AndroidManifest.xml:28:13-37
231            android:permission="android.permission.BIND_JOB_SERVICE" >
231-->[com.google.android.datatransport:transport-runtime:2.2.0] AndroidManifest.xml:29:13-69
232        </service>
233
234        <receiver
234-->[com.google.android.datatransport:transport-runtime:2.2.0] AndroidManifest.xml:32:9-34:40
235            android:name="com.google.android.datatransport.runtime.scheduling.jobscheduling.AlarmManagerSchedulerBroadcastReceiver"
235-->[com.google.android.datatransport:transport-runtime:2.2.0] AndroidManifest.xml:33:13-132
236            android:exported="false" />
236-->[com.google.android.datatransport:transport-runtime:2.2.0] AndroidManifest.xml:34:13-37
237    </application>
238
239</manifest>